2021-05-19 00:00:29,252 INFO c.e.App [main] app willRum() called
2021-05-19 00:02:27,333 INFO c.e.App [main] app willRum() called
2021-05-19 00:40:42,345 INFO c.e.App [main] app willRum() called
2021-05-19 02:02:53,853 INFO c.e.App [main] app willRum() called
2021-05-19 02:03:12,117 INFO c.e.c.Controller [qtp2033524545-20] engpoint loginPost recieved a request for login with data email = bigfoot@cryptids.ne password = 22222  accountTYpe = employee the service return the following Respinse: {"errCode":1,"response":"incorrect login info"}
2021-05-19 02:03:12,118 INFO c.e.c.Controller [qtp2033524545-20] before returning, the value of the response body is {"errCode":1,"response":"incorrect login info"}
2021-05-19 02:03:18,237 INFO c.e.c.Controller [qtp2033524545-16] engpoint loginPost recieved a request for login with data email = bigfoot@cryptids.net password = 22222  accountTYpe = employee the service return the following Respinse: {"errCode":0,"response":"60a4a30994487944e41f9994"}
2021-05-19 02:03:18,298 INFO c.e.c.Controller [qtp2033524545-16] before returning, the value of the response body is {"errCode":0,"response":"60a4a30994487944e41f9994"}
2021-05-19 02:09:53,583 INFO c.e.App [main] app willRum() called
2021-05-19 02:17:13,985 INFO c.e.App [main] app willRum() called
2021-05-19 02:17:23,781 INFO c.e.c.Controller [qtp1877062907-20] user60a4a30994487944e41f9994 requested account info for 60a4a30994487944e41f9994
2021-05-19 02:17:26,084 INFO c.e.c.Controller [qtp1877062907-16] user60a4a30994487944e41f9994 requested account info for 60a4a30994487944e41f9994
2021-05-19 02:17:28,602 INFO c.e.c.Controller [qtp1877062907-19] endpoint loginPost recieved a request for login with data email = bigfoot@cryptids.net password = 22222  accountTYpe = employee the service return the following Respinse: {"errCode":0,"response":"60a4a30994487944e41f9994"}
2021-05-19 02:17:28,611 INFO c.e.c.Controller [qtp1877062907-19] before returning, the value of the response body is {"errCode":0,"response":"60a4a30994487944e41f9994"}
2021-05-19 02:17:28,668 INFO c.e.c.Controller [qtp1877062907-21] user60a4a30994487944e41f9994 requested account info for 60a4a30994487944e41f9994
2021-05-19 02:17:30,004 INFO c.e.c.Controller [qtp1877062907-19] user60a4a30994487944e41f9994 requested account info for 60a4a30994487944e41f9994
2021-05-19 02:18:48,095 INFO c.e.App [main] app willRum() called
2021-05-19 02:20:59,287 INFO c.e.App [main] app willRum() called
2021-05-19 02:23:31,342 INFO c.e.App [main] app willRum() called
2021-05-19 02:24:50,519 INFO c.e.App [main] app willRum() called
2021-05-19 02:37:23,980 INFO c.e.App [Test worker] app willRum() called
2021-05-19 02:39:31,823 INFO c.e.App [Test worker] app willRum() called
2021-05-19 02:39:53,687 INFO c.e.App [Test worker] app willRum() called
2021-05-19 02:49:39,242 INFO c.e.App [Test worker] app willRum() called
2021-05-19 02:49:39,520 INFO c.e.App [Test worker] app willRum() called
2021-05-19 02:49:39,579 INFO c.e.App [Test worker] app willRum() called
2021-05-19 02:49:39,623 INFO c.e.App [Test worker] app willRum() called
2021-05-19 03:05:33,361 INFO c.e.App [Test worker] app willRum() called
2021-05-19 03:05:33,410 INFO c.e.App [Test worker] app willRum() called
2021-05-19 03:05:33,440 INFO c.e.App [Test worker] app willRum() called
2021-05-19 03:05:33,474 INFO c.e.App [Test worker] app willRum() called
2021-05-19 03:11:08,983 INFO c.e.App [Test worker] app willRum() called
2021-05-19 03:11:09,099 INFO c.e.App [Test worker] app willRum() called
2021-05-19 03:11:09,181 INFO c.e.App [Test worker] app willRum() called
2021-05-19 03:11:09,245 INFO c.e.App [Test worker] app willRum() called
2021-05-19 03:11:25,182 INFO c.e.App [Test worker] app willRum() called
2021-05-19 03:11:25,347 INFO c.e.App [Test worker] app willRum() called
2021-05-19 03:11:25,421 INFO c.e.App [Test worker] app willRum() called
2021-05-19 03:11:25,580 INFO c.e.App [Test worker] app willRum() called
2021-05-19 03:11:44,958 INFO c.e.App [main] app willRum() called
2021-05-19 03:12:00,553 INFO c.e.c.Controller [qtp1731217984-20] endpoint loginPost recieved a request for login with data email = bigfoot@cryptids.ne password = 22222  accountTYpe = employee the service return the following Respinse: {"errCode":1,"response":"incorrect login info"}
2021-05-19 03:12:00,561 INFO c.e.c.Controller [qtp1731217984-20] before returning, the value of the response body is {"errCode":1,"response":"incorrect login info"}
2021-05-19 03:12:05,442 INFO c.e.c.Controller [qtp1731217984-16] endpoint loginPost recieved a request for login with data email = bigfoot@cryptids.net password = 22222  accountTYpe = employee the service return the following Respinse: {"errCode":0,"response":"60a4d4ddfe52a326574f3566"}
2021-05-19 03:12:05,443 INFO c.e.c.Controller [qtp1731217984-16] before returning, the value of the response body is {"errCode":0,"response":"60a4d4ddfe52a326574f3566"}
2021-05-19 03:12:05,650 INFO c.e.c.Controller [qtp1731217984-19] user60a4d4ddfe52a326574f3566 requested account info for 60a4d4ddfe52a326574f3566
2021-05-19 03:12:12,344 INFO c.e.c.Controller [qtp1731217984-21] user60a4d4ddfe52a326574f3566 requested account info for 60a4d4ddfe52a326574f3566
2021-05-19 07:54:43,649 INFO c.e.c.Controller [qtp1731217984-20] endpoint loginPost recieved a request for login with data email = mothman@cryptids.net password = 22222  accountTYpe = employee the service return the following Respinse: {"errCode":0,"response":"60a4d4ddfe52a326574f3567"}
2021-05-19 07:54:43,650 INFO c.e.c.Controller [qtp1731217984-20] before returning, the value of the response body is {"errCode":0,"response":"60a4d4ddfe52a326574f3567"}
2021-05-19 07:54:48,499 INFO c.e.c.Controller [qtp1731217984-15] user60a4d4ddfe52a326574f3567 requested account info for 60a4d4ddfe52a326574f3567
2021-05-19 07:54:52,789 INFO c.e.c.Controller [qtp1731217984-22] endpoint loginPost recieved a request for login with data email = bigfoot@cryptids.net password = 22222  accountTYpe = employee the service return the following Respinse: {"errCode":0,"response":"60a4d4ddfe52a326574f3566"}
2021-05-19 07:54:52,790 INFO c.e.c.Controller [qtp1731217984-22] before returning, the value of the response body is {"errCode":0,"response":"60a4d4ddfe52a326574f3566"}
2021-05-19 07:54:52,986 INFO c.e.c.Controller [qtp1731217984-19] user60a4d4ddfe52a326574f3566 requested account info for 60a4d4ddfe52a326574f3566
2021-05-19 07:55:00,231 INFO c.e.c.Controller [qtp1731217984-22] endpoint loginPost recieved a request for login with data email = mothman@cryptids.net password = 22222  accountTYpe = employee the service return the following Respinse: {"errCode":0,"response":"60a4d4ddfe52a326574f3567"}
2021-05-19 07:55:00,232 INFO c.e.c.Controller [qtp1731217984-22] before returning, the value of the response body is {"errCode":0,"response":"60a4d4ddfe52a326574f3567"}
2021-05-19 07:55:00,245 INFO c.e.c.Controller [qtp1731217984-19] user60a4d4ddfe52a326574f3567 requested account info for 60a4d4ddfe52a326574f3567
2021-05-19 08:10:11,000 INFO c.e.c.Controller [qtp1731217984-16] endpoint loginPost recieved a request for login with data email = mothman@cryptids.net password = 22222  accountTYpe = employee the service return the following Respinse: {"errCode":0,"response":"60a4d4ddfe52a326574f3567"}
2021-05-19 08:10:11,001 INFO c.e.c.Controller [qtp1731217984-16] before returning, the value of the response body is {"errCode":0,"response":"60a4d4ddfe52a326574f3567"}
2021-05-19 08:10:11,017 INFO c.e.c.Controller [qtp1731217984-21] user60a4d4ddfe52a326574f3567 requested account info for 60a4d4ddfe52a326574f3567
